<?xml version="1.0" encoding="UTF-8"?>
<coverage generated="1746904221667" clover="3.2.0">
  <project timestamp="1746904221667" name="All files">
    <metrics statements="38" coveredstatements="34" conditionals="13" coveredconditionals="11" methods="1" coveredmethods="1" elements="52" coveredelements="46" complexity="0" loc="38" ncloc="38" packages="1" files="2" classes="2"/>
    <file name="index.ts" path="/Users/tarektarho/Public/Code/FrontendKit/src/index.ts">
      <metrics statements="1" coveredstatements="1" conditionals="0" coveredconditionals="0" methods="0" coveredmethods="0"/>
      <line num="1" count="1" type="stmt"/>
    </file>
    <file name="localStorageUtils.ts" path="/Users/tarektarho/Public/Code/FrontendKit/src/localStorageUtils.ts">
      <metrics statements="37" coveredstatements="33" conditionals="13" coveredconditionals="11" methods="1" coveredmethods="1"/>
      <line num="11" count="1" type="cond" truecount="1" falsecount="0"/>
      <line num="12" count="10" type="stmt"/>
      <line num="13" count="10" type="stmt"/>
      <line num="14" count="10" type="stmt"/>
      <line num="15" count="10" type="stmt"/>
      <line num="16" count="10" type="stmt"/>
      <line num="18" count="10" type="cond" truecount="1" falsecount="0"/>
      <line num="20" count="2" type="stmt"/>
      <line num="21" count="2" type="cond" truecount="1" falsecount="0"/>
      <line num="24" count="10" type="cond" truecount="2" falsecount="0"/>
      <line num="25" count="2" type="stmt"/>
      <line num="26" count="2" type="cond" truecount="1" falsecount="0"/>
      <line num="29" count="5" type="stmt"/>
      <line num="30" count="5" type="stmt"/>
      <line num="33" count="10" type="cond" truecount="2" falsecount="0"/>
      <line num="34" count="1" type="stmt"/>
      <line num="35" count="1" type="stmt"/>
      <line num="37" count="1" type="stmt"/>
      <line num="38" count="10" type="cond" truecount="1" falsecount="0"/>
      <line num="40" count="4" type="cond" truecount="1" falsecount="0"/>
      <line num="41" count="1" type="stmt"/>
      <line num="42" count="1" type="stmt"/>
      <line num="43" count="4" type="stmt"/>
      <line num="44" count="4" type="stmt"/>
      <line num="45" count="10" type="cond" truecount="1" falsecount="0"/>
      <line num="46" count="1" type="stmt"/>
      <line num="49" count="1" type="stmt"/>
      <line num="52" count="1" type="stmt"/>
      <line num="53" count="1" type="cond" truecount="0" falsecount="1"/>
      <line num="54" count="0" type="stmt"/>
      <line num="55" count="0" type="stmt"/>
      <line num="56" count="1" type="cond" truecount="0" falsecount="1"/>
      <line num="57" count="0" type="stmt"/>
      <line num="58" count="0" type="stmt"/>
      <line num="60" count="1" type="stmt"/>
      <line num="61" count="1" type="stmt"/>
      <line num="62" count="10" type="stmt"/>
    </file>
  </project>
</coverage>
