{"/Users/tarektarho/Public/Code/FrontendKit/src/index.ts": {"path":"/Users/tarektarho/Public/Code/FrontendKit/src/index.ts","all":false,"statementMap":{"0":{"start":{"line":1,"column":0},"end":{"line":1,"column":35}}},"s":{"0":1},"branchMap":{},"b":{},"fnMap":{},"f":{}}
,"/Users/tarektarho/Public/Code/FrontendKit/src/localStorageUtils.ts": {"path":"/Users/tarektarho/Public/Code/FrontendKit/src/localStorageUtils.ts","all":false,"statementMap":{"10":{"start":{"line":11,"column":0},"end":{"line":11,"column":43}},"11":{"start":{"line":12,"column":0},"end":{"line":12,"column":14}},"12":{"start":{"line":13,"column":0},"end":{"line":13,"column":36}},"13":{"start":{"line":14,"column":0},"end":{"line":14,"column":35}},"14":{"start":{"line":15,"column":0},"end":{"line":15,"column":7}},"15":{"start":{"line":16,"column":0},"end":{"line":16,"column":52}},"17":{"start":{"line":18,"column":0},"end":{"line":18,"column":34}},"19":{"start":{"line":20,"column":0},"end":{"line":20,"column":17}},"20":{"start":{"line":21,"column":0},"end":{"line":21,"column":5}},"23":{"start":{"line":24,"column":0},"end":{"line":24,"column":66}},"24":{"start":{"line":25,"column":0},"end":{"line":25,"column":38}},"25":{"start":{"line":26,"column":0},"end":{"line":26,"column":5}},"28":{"start":{"line":29,"column":0},"end":{"line":29,"column":9}},"29":{"start":{"line":30,"column":0},"end":{"line":30,"column":51}},"32":{"start":{"line":33,"column":0},"end":{"line":33,"column":60}},"33":{"start":{"line":34,"column":0},"end":{"line":34,"column":57}},"34":{"start":{"line":35,"column":0},"end":{"line":35,"column":7}},"36":{"start":{"line":37,"column":0},"end":{"line":37,"column":28}},"37":{"start":{"line":38,"column":0},"end":{"line":38,"column":13}},"39":{"start":{"line":40,"column":0},"end":{"line":40,"column":28}},"40":{"start":{"line":41,"column":0},"end":{"line":41,"column":25}},"41":{"start":{"line":42,"column":0},"end":{"line":42,"column":7}},"42":{"start":{"line":43,"column":0},"end":{"line":43,"column":27}},"43":{"start":{"line":44,"column":0},"end":{"line":44,"column":5}},"44":{"start":{"line":45,"column":0},"end":{"line":45,"column":19}},"45":{"start":{"line":46,"column":0},"end":{"line":46,"column":96}},"48":{"start":{"line":49,"column":0},"end":{"line":49,"column":32}},"51":{"start":{"line":52,"column":0},"end":{"line":52,"column":9}},"52":{"start":{"line":53,"column":0},"end":{"line":53,"column":50}},"53":{"start":{"line":54,"column":0},"end":{"line":54,"column":25}},"54":{"start":{"line":55,"column":0},"end":{"line":55,"column":7}},"55":{"start":{"line":56,"column":0},"end":{"line":56,"column":29}},"56":{"start":{"line":57,"column":0},"end":{"line":57,"column":75}},"57":{"start":{"line":58,"column":0},"end":{"line":58,"column":5}},"59":{"start":{"line":60,"column":0},"end":{"line":60,"column":15}},"60":{"start":{"line":61,"column":0},"end":{"line":61,"column":3}},"61":{"start":{"line":62,"column":0},"end":{"line":62,"column":1}}},"s":{"10":1,"11":10,"12":10,"13":10,"14":10,"15":10,"17":10,"19":2,"20":2,"23":10,"24":2,"25":2,"28":5,"29":5,"32":10,"33":1,"34":1,"36":1,"37":10,"39":4,"40":1,"41":1,"42":4,"43":4,"44":10,"45":1,"48":1,"51":1,"52":1,"53":0,"54":0,"55":1,"56":0,"57":0,"59":1,"60":1,"61":10},"branchMap":{"0":{"type":"branch","line":11,"loc":{"start":{"line":11,"column":39},"end":{"line":62,"column":1}},"locations":[{"start":{"line":11,"column":39},"end":{"line":62,"column":1}}]},"1":{"type":"branch","line":18,"loc":{"start":{"line":18,"column":33},"end":{"line":21,"column":5}},"locations":[{"start":{"line":18,"column":33},"end":{"line":21,"column":5}}]},"2":{"type":"branch","line":21,"loc":{"start":{"line":21,"column":4},"end":{"line":24,"column":37}},"locations":[{"start":{"line":21,"column":4},"end":{"line":24,"column":37}}]},"3":{"type":"branch","line":24,"loc":{"start":{"line":24,"column":27},"end":{"line":24,"column":65}},"locations":[{"start":{"line":24,"column":27},"end":{"line":24,"column":65}}]},"4":{"type":"branch","line":24,"loc":{"start":{"line":24,"column":65},"end":{"line":26,"column":5}},"locations":[{"start":{"line":24,"column":65},"end":{"line":26,"column":5}}]},"5":{"type":"branch","line":26,"loc":{"start":{"line":26,"column":4},"end":{"line":33,"column":38}},"locations":[{"start":{"line":26,"column":4},"end":{"line":33,"column":38}}]},"6":{"type":"branch","line":33,"loc":{"start":{"line":33,"column":25},"end":{"line":33,"column":59}},"locations":[{"start":{"line":33,"column":25},"end":{"line":33,"column":59}}]},"7":{"type":"branch","line":33,"loc":{"start":{"line":33,"column":59},"end":{"line":38,"column":12}},"locations":[{"start":{"line":33,"column":59},"end":{"line":38,"column":12}}]},"8":{"type":"branch","line":38,"loc":{"start":{"line":38,"column":4},"end":{"line":44,"column":5}},"locations":[{"start":{"line":38,"column":4},"end":{"line":44,"column":5}}]},"9":{"type":"branch","line":40,"loc":{"start":{"line":40,"column":27},"end":{"line":42,"column":7}},"locations":[{"start":{"line":40,"column":27},"end":{"line":42,"column":7}}]},"10":{"type":"branch","line":45,"loc":{"start":{"line":45,"column":2},"end":{"line":61,"column":3}},"locations":[{"start":{"line":45,"column":2},"end":{"line":61,"column":3}}]},"11":{"type":"branch","line":53,"loc":{"start":{"line":53,"column":49},"end":{"line":55,"column":7}},"locations":[{"start":{"line":53,"column":49},"end":{"line":55,"column":7}}]},"12":{"type":"branch","line":56,"loc":{"start":{"line":56,"column":4},"end":{"line":58,"column":5}},"locations":[{"start":{"line":56,"column":4},"end":{"line":58,"column":5}}]}},"b":{"0":[10],"1":[2],"2":[7],"3":[6],"4":[2],"5":[5],"6":[2],"7":[1],"8":[4],"9":[1],"10":[1],"11":[0],"12":[0]},"fnMap":{"0":{"name":"getSafeFromLocalStorage","decl":{"start":{"line":11,"column":39},"end":{"line":62,"column":1}},"loc":{"start":{"line":11,"column":39},"end":{"line":62,"column":1}},"line":11}},"f":{"0":10}}
}
